0 info it worked if it ends with ok
1 verbose cli [ '/usr/local/bin/node',
1 verbose cli   '/usr/local/lib/node_modules/cnpm/node_modules/.bin/npm',
1 verbose cli   '--userconfig=/Users/xianminghui/.cnpmrc',
1 verbose cli   '--disturl=https://npm.taobao.org/mirrors/node',
1 verbose cli   '--registry=https://registry.npm.taobao.org',
1 verbose cli   'run',
1 verbose cli   'dev' ]
2 info using npm@3.10.10
3 info using node@v8.9.4
4 verbose run-script [ 'predev', 'dev', 'postdev' ]
5 info lifecycle crawlerdemo2@1.0.0~predev: crawlerdemo2@1.0.0
6 silly lifecycle crawlerdemo2@1.0.0~predev: no script for predev, continuing
7 info lifecycle crawlerdemo2@1.0.0~dev: crawlerdemo2@1.0.0
8 verbose lifecycle crawlerdemo2@1.0.0~dev: unsafe-perm in lifecycle true
9 verbose lifecycle crawlerdemo2@1.0.0~dev: PATH: /usr/local/lib/node_modules/cnpm/node_modules/npm/bin/node-gyp-bin:/Users/xianminghui/code/crawlerdemo2/node_modules/.bin:/Users/xianminghui/.gvm/pkgsets/go1.4.3/global/bin:/Users/xianminghui/.gvm/gos/go1.4.3/bin:/Users/xianminghui/.gvm/pkgsets/go1.4.3/global/overlay/bin:/Users/xianminghui/.gvm/bin:/Users/xianminghui/.gvm/bin:/usr/local/bin:/usr/bin:/bin:/usr/sbin:/sbin:/opt/X11/bin:/Applications/VMware Fusion.app/Contents/Public:/usr/local/go/bin:/Users/xianminghui/code/Go:/Users/xianminghui/work/bin
10 verbose lifecycle crawlerdemo2@1.0.0~dev: CWD: /Users/xianminghui/code/crawlerdemo2
11 silly lifecycle crawlerdemo2@1.0.0~dev: Args: [ '-c', 'node app.js' ]
12 silly lifecycle crawlerdemo2@1.0.0~dev: Returned: code: 1  signal: null
13 info lifecycle crawlerdemo2@1.0.0~dev: Failed to exec dev script
14 verbose stack Error: crawlerdemo2@1.0.0 dev: `node app.js`
14 verbose stack Exit status 1
14 verbose stack     at EventEmitter.<anonymous> (/usr/local/lib/node_modules/cnpm/node_modules/npm/lib/utils/lifecycle.js:255:16)
14 verbose stack     at emitTwo (events.js:126:13)
14 verbose stack     at EventEmitter.emit (events.js:214:7)
14 verbose stack     at ChildProcess.<anonymous> (/usr/local/lib/node_modules/cnpm/node_modules/npm/lib/utils/spawn.js:40:14)
14 verbose stack     at emitTwo (events.js:126:13)
14 verbose stack     at ChildProcess.emit (events.js:214:7)
14 verbose stack     at maybeClose (internal/child_process.js:925:16)
14 verbose stack     at Process.ChildProcess._handle.onexit (internal/child_process.js:209:5)
15 verbose pkgid crawlerdemo2@1.0.0
16 verbose cwd /Users/xianminghui/code/crawlerdemo2
17 error Darwin 16.7.0
18 error argv "/usr/local/bin/node" "/usr/local/lib/node_modules/cnpm/node_modules/.bin/npm" "--userconfig=/Users/xianminghui/.cnpmrc" "--disturl=https://npm.taobao.org/mirrors/node" "--registry=https://registry.npm.taobao.org" "run" "dev"
19 error node v8.9.4
20 error npm  v3.10.10
21 error code ELIFECYCLE
22 error crawlerdemo2@1.0.0 dev: `node app.js`
22 error Exit status 1
23 error Failed at the crawlerdemo2@1.0.0 dev script 'node app.js'.
23 error Make sure you have the latest version of node.js and npm installed.
23 error If you do, this is most likely a problem with the crawlerdemo2 package,
23 error not with npm itself.
23 error Tell the author that this fails on your system:
23 error     node app.js
23 error You can get information on how to open an issue for this project with:
23 error     npm bugs crawlerdemo2
23 error Or if that isn't available, you can get their info via:
23 error     npm owner ls crawlerdemo2
23 error There is likely additional logging output above.
24 verbose exit [ 1, true ]
